app/build/intermediates/manifest_merge_blame_file/debug/manifest-merger-blame-debug-report.txt
1<?xml version="1.0" encoding="utf-8"?>
2<manifest xmlns:android="http://schemas.android.com/apk/res/android"
3    package="my.edu.utem.ftmk.workshop2.visitor.monitoring.system.v1"
4    android:versionCode="1"
5    android:versionName="1.0" >
6
7    <uses-sdk
8        android:minSdkVersion="23"
8-->src\main\AndroidManifest.xml
9        android:targetSdkVersion="30" />
9-->src\main\AndroidManifest.xml
10
11    <uses-permission android:name="android.permission.INTERNET" />
11-->src\main\AndroidManifest.xml:5:5-67
11-->src\main\AndroidManifest.xml:5:22-64
12    <uses-permission android:name="android.permission.ACCESS_NETWORK_STATE" />
12-->src\main\AndroidManifest.xml:6:5-79
12-->src\main\AndroidManifest.xml:6:22-76
13    <uses-permission android:name="android.permission.ACCESS_FINE_LOCATION" />
13-->src\main\AndroidManifest.xml:7:5-79
13-->src\main\AndroidManifest.xml:7:22-76
14    <uses-permission android:name="android.permission.ACCESS_COARSE_LOCATION" />
14-->src\main\AndroidManifest.xml:8:5-81
14-->src\main\AndroidManifest.xml:8:22-78
15
16    <uses-feature
16-->[com.google.android.gms:play-services-maps:17.0.0] AndroidManifest.xml:26:5-28:35
17        android:glEsVersion="0x00020000"
17-->[com.google.android.gms:play-services-maps:17.0.0] AndroidManifest.xml:27:9-41
18        android:required="true" />
18-->[com.google.android.gms:play-services-maps:17.0.0] AndroidManifest.xml:28:9-32
19
20    <application
20-->src\main\AndroidManifest.xml:10:5-39:19
21        android:allowBackup="true"
21-->src\main\AndroidManifest.xml:11:9-35
22        android:appComponentFactory="androidx.core.app.CoreComponentFactory"
22-->[androidx.core:core:1.3.1] AndroidManifest.xml:24:18-86
23        android:debuggable="true"
24        android:extractNativeLibs="false"
25        android:icon="@mipmap/launcher_icon_pq"
25-->src\main\AndroidManifest.xml:12:9-48
26        android:label="@string/app_name"
26-->src\main\AndroidManifest.xml:13:9-41
27        android:roundIcon="@mipmap/launcher_icon_pq_round"
27-->src\main\AndroidManifest.xml:14:9-59
28        android:screenOrientation="portrait"
28-->src\main\AndroidManifest.xml:15:9-45
29        android:supportsRtl="true"
29-->src\main\AndroidManifest.xml:16:9-35
30        android:testOnly="true"
31        android:theme="@style/Theme.Workshop2VisitorMonitoringSystemV1" >
31-->src\main\AndroidManifest.xml:17:9-72
32        <activity
32-->src\main\AndroidManifest.xml:18:9-20:72
33            android:name="my.edu.utem.ftmk.workshop2.visitor.monitoring.system.v1.AboutUs"
33-->src\main\AndroidManifest.xml:19:13-36
34            android:theme="@style/Theme.AppCompat.Light.NoActionBar" />
34-->src\main\AndroidManifest.xml:20:13-69
35        <activity
35-->src\main\AndroidManifest.xml:23:9-30:20
36            android:name="my.edu.utem.ftmk.workshop2.visitor.monitoring.system.v1.SplashScreen"
36-->src\main\AndroidManifest.xml:24:13-41
37            android:theme="@style/splashTheme" >
37-->src\main\AndroidManifest.xml:25:13-47
38            <intent-filter>
38-->src\main\AndroidManifest.xml:26:13-29:29
39                <action android:name="android.intent.action.MAIN" />
39-->src\main\AndroidManifest.xml:27:17-69
39-->src\main\AndroidManifest.xml:27:25-66
40
41                <category android:name="android.intent.category.LAUNCHER" />
41-->src\main\AndroidManifest.xml:28:17-77
41-->src\main\AndroidManifest.xml:28:27-74
42            </intent-filter>
43        </activity>
44        <activity android:name="my.edu.utem.ftmk.workshop2.visitor.monitoring.system.v1.QueueDialog" />
44-->src\main\AndroidManifest.xml:31:9-49
44-->src\main\AndroidManifest.xml:31:19-46
45        <activity
45-->src\main\AndroidManifest.xml:32:9-34:72
46            android:name="my.edu.utem.ftmk.workshop2.visitor.monitoring.system.v1.Booking"
46-->src\main\AndroidManifest.xml:33:13-36
47            android:theme="@style/Theme.AppCompat.Light.NoActionBar" />
47-->src\main\AndroidManifest.xml:34:13-69
48        <activity
48-->src\main\AndroidManifest.xml:35:9-38:20
49            android:name="my.edu.utem.ftmk.workshop2.visitor.monitoring.system.v1.MainActivity"
49-->src\main\AndroidManifest.xml:36:13-41
50            android:theme="@style/Theme.AppCompat.Light.NoActionBar" >
50-->src\main\AndroidManifest.xml:37:13-69
51        </activity>
52        <!-- Needs to be explicitly declared on P+ -->
53        <uses-library
53-->[com.google.android.gms:play-services-maps:17.0.0] AndroidManifest.xml:33:9-35:40
54            android:name="org.apache.http.legacy"
54-->[com.google.android.gms:play-services-maps:17.0.0] AndroidManifest.xml:34:13-50
55            android:required="false" />
55-->[com.google.android.gms:play-services-maps:17.0.0] AndroidManifest.xml:35:13-37
56
57        <activity
57-->[com.google.android.gms:play-services-base:17.3.0] AndroidManifest.xml:23:9-26:75
58            android:name="com.google.android.gms.common.api.GoogleApiActivity"
58-->[com.google.android.gms:play-services-base:17.3.0] AndroidManifest.xml:24:13-79
59            android:exported="false"
59-->[com.google.android.gms:play-services-base:17.3.0] AndroidManifest.xml:25:13-37
60            android:theme="@android:style/Theme.Translucent.NoTitleBar" />
60-->[com.google.android.gms:play-services-base:17.3.0] AndroidManifest.xml:26:13-72
61
62        <meta-data
62-->[com.google.android.gms:play-services-basement:17.3.0] AndroidManifest.xml:23:9-25:69
63            android:name="com.google.android.gms.version"
63-->[com.google.android.gms:play-services-basement:17.3.0] AndroidManifest.xml:24:13-58
64            android:value="@integer/google_play_services_version" />
64-->[com.google.android.gms:play-services-basement:17.3.0] AndroidManifest.xml:25:13-66
65    </application>
66
67</manifest>